{
  "RSpec": {
    "coverage": {
      "/Users/auroraanderson/ada/c7/projects/FarMar/far_mar.rb": [
        1,
        1,
        1,
        1,
        1,
        1
      ],
      "/Users/auroraanderson/ada/c7/projects/FarMar/lib/farmar_market.rb": [
        1,
        null,
        null,
        1,
        null,
        1,
        1,
        null,
        1,
        3008,
        3004,
        3004,
        3004,
        3004,
        3004,
        3004,
        3004,
        null,
        null,
        1,
        null,
        6,
        6,
        6,
        3000,
        3000,
        3000,
        3000,
        3000,
        3000,
        3000,
        3000,
        3000,
        null,
        6,
        6,
        3000,
        3000,
        null,
        null,
        6,
        null,
        null,
        1,
        4,
        null,
        3,
        3,
        3,
        1500,
        null,
        null,
        3,
        null,
        2,
        null,
        null,
        1,
        null,
        3,
        3,
        3,
        8070,
        null,
        3,
        null,
        null,
        null,
        null,
        null,
        null,
        null,
        null,
        null,
        null,
        null,
        null,
        null,
        null,
        null,
        null,
        null,
        null,
        null,
        null,
        null
      ],
      "/Users/auroraanderson/ada/c7/projects/FarMar/lib/farmar_product.rb": [
        1,
        null,
        1,
        null,
        1,
        1,
        null,
        1,
        49163,
        null,
        49159,
        49159,
        49159,
        null,
        null,
        1,
        null,
        6,
        6,
        6,
        49158,
        49158,
        49158,
        49158,
        49158,
        null,
        6,
        6,
        49158,
        49158,
        null,
        null,
        6,
        null,
        null,
        1,
        4,
        null,
        3,
        3,
        3,
        24579,
        null,
        3,
        2,
        null,
        null,
        1,
        null,
        0,
        0,
        0,
        0,
        null,
        0,
        0,
        null,
        null,
        1,
        null,
        0,
        0,
        0,
        0,
        null,
        0,
        0,
        null,
        null,
        null,
        1,
        null,
        0,
        0,
        0,
        0,
        null,
        0,
        0,
        null,
        null,
        1,
        null,
        0,
        null,
        null,
        null,
        null,
        null,
        null,
        null,
        null,
        null,
        null
      ],
      "/Users/auroraanderson/ada/c7/projects/FarMar/lib/farmar_sale.rb": [
        1,
        null,
        1,
        null,
        1,
        1,
        null,
        1,
        76793,
        null,
        76789,
        76789,
        76789,
        76789,
        76789,
        null,
        null,
        1,
        null,
        null,
        null,
        1,
        null,
        null,
        null,
        1,
        null,
        null,
        null,
        1,
        null,
        6,
        6,
        6,
        76788,
        76788,
        76788,
        76788,
        76788,
        76788,
        null,
        76788,
        null,
        6,
        6,
        76788,
        76788,
        null,
        null,
        6,
        null,
        null,
        1,
        4,
        null,
        3,
        3,
        3,
        38394,
        null,
        3,
        2,
        null,
        null,
        null,
        null,
        null,
        null,
        null,
        null,
        null,
        null,
        null,
        null,
        null
      ],
      "/Users/auroraanderson/ada/c7/projects/FarMar/lib/farmar_vendor.rb": [
        1,
        null,
        1,
        null,
        1,
        1,
        null,
        1,
        24215,
        null,
        24211,
        24211,
        24211,
        24211,
        null,
        null,
        1,
        null,
        null,
        null,
        1,
        null,
        null,
        null,
        1,
        null,
        null,
        null,
        1,
        null,
        null,
        null,
        1,
        null,
        9,
        9,
        9,
        24210,
        24210,
        24210,
        24210,
        24210,
        null,
        24210,
        null,
        9,
        9,
        24210,
        24210,
        null,
        null,
        9,
        null,
        null,
        1,
        4,
        null,
        3,
        3,
        3,
        8070,
        null,
        3,
        2,
        null,
        null,
        1,
        null,
        null,
        null,
        null,
        null,
        null,
        null,
        null,
        null,
        null,
        null,
        null,
        null,
        null,
        null
      ],
      "/Users/auroraanderson/ada/c7/projects/FarMar/specs/farmar_product_spec.rb": [
        1,
        1,
        null,
        1,
        1,
        1,
        1,
        null,
        null,
        1,
        1,
        1,
        1,
        8,
        null,
        null,
        null,
        null,
        1,
        null,
        1,
        1,
        null,
        null,
        1,
        1,
        1,
        8193,
        null,
        null,
        null,
        1,
        1,
        1,
        8193,
        8193,
        8193,
        null,
        null,
        null,
        null,
        null,
        1,
        1,
        2,
        null,
        null,
        1,
        2,
        null,
        null,
        1,
        1,
        1,
        null,
        null,
        1,
        1,
        1,
        null,
        null,
        null,
        null,
        1,
        null,
        1,
        null,
        null,
        null,
        null,
        null,
        1,
        null,
        1,
        null,
        null,
        null,
        null,
        null,
        1,
        null,
        1,
        null,
        null,
        null,
        null,
        null,
        1,
        null,
        1,
        null,
        null,
        null,
        null,
        null,
        null
      ],
      "/Users/auroraanderson/ada/c7/projects/FarMar/specs/farmar_sale_spec.rb": [
        1,
        1,
        null,
        1,
        1,
        1,
        1,
        null,
        null,
        null,
        1,
        1,
        1,
        1,
        8,
        null,
        null,
        null,
        null,
        1,
        null,
        1,
        1,
        null,
        null,
        1,
        1,
        1,
        12798,
        null,
        null,
        null,
        1,
        1,
        1,
        12798,
        12798,
        12798,
        12798,
        12798,
        null,
        null,
        null,
        null,
        null,
        1,
        1,
        2,
        null,
        null,
        1,
        2,
        null,
        null,
        1,
        1,
        1,
        null,
        null,
        1,
        1,
        1,
        null,
        null,
        null,
        null,
        1,
        1,
        null,
        null,
        null,
        null,
        1,
        1,
        null,
        null,
        null,
        null,
        1,
        1,
        null,
        null,
        null,
        null,
        null
      ],
      "/Users/auroraanderson/ada/c7/projects/FarMar/specs/farmar_vendor_spec.rb": [
        1,
        1,
        null,
        1,
        1,
        1,
        1,
        null,
        null,
        1,
        1,
        1,
        1,
        8,
        null,
        null,
        null,
        null,
        1,
        null,
        1,
        1,
        null,
        null,
        1,
        1,
        1,
        2690,
        null,
        null,
        null,
        1,
        1,
        1,
        2690,
        2690,
        2690,
        2690,
        null,
        null,
        null,
        null,
        null,
        1,
        1,
        2,
        null,
        null,
        1,
        2,
        null,
        null,
        1,
        1,
        1,
        null,
        null,
        1,
        1,
        1,
        null,
        null,
        null,
        null,
        1,
        1,
        null,
        null,
        null,
        null,
        1,
        1,
        null,
        null,
        null,
        null,
        1,
        1,
        null,
        null,
        null,
        null,
        1,
        1,
        null,
        null,
        null,
        null,
        1,
        1,
        null,
        null,
        null,
        null,
        null
      ],
      "/Users/auroraanderson/ada/c7/projects/FarMar/specs/ignore_me.rb": [
        null
      ]
    },
    "timestamp": 1488476148
  }
}
