{
  "RSpec": {
    "coverage": {
      "/Users/auroraanderson/ada/c7/projects/FarMar/far_mar.rb": [
        1,
        1,
        1,
        1,
        1,
        1
      ],
      "/Users/auroraanderson/ada/c7/projects/FarMar/lib/farmar_market.rb": [
        1,
        null,
        null,
        1,
        null,
        1,
        1,
        null,
        1,
        3508,
        3504,
        3504,
        3504,
        3504,
        3504,
        3504,
        3504,
        null,
        null,
        1,
        null,
        7,
        7,
        7,
        3500,
        3500,
        3500,
        3500,
        3500,
        3500,
        3500,
        3500,
        3500,
        null,
        7,
        7,
        3500,
        3500,
        null,
        null,
        7,
        null,
        null,
        1,
        5,
        null,
        4,
        4,
        4,
        2000,
        null,
        null,
        4,
        null,
        2,
        null,
        null,
        1,
        null,
        3,
        3,
        3,
        8070,
        null,
        3,
        null,
        null,
        null,
        null,
        null,
        null,
        null,
        null,
        null,
        null,
        null,
        null,
        null,
        null,
        null,
        null,
        null,
        null,
        null,
        null,
        null
      ],
      "/Users/auroraanderson/ada/c7/projects/FarMar/lib/farmar_product.rb": [
        1,
        null,
        1,
        null,
        1,
        1,
        null,
        1,
        114716,
        null,
        114712,
        114712,
        114712,
        null,
        null,
        1,
        null,
        14,
        14,
        14,
        114702,
        114702,
        114702,
        114702,
        114702,
        null,
        14,
        14,
        114702,
        114702,
        null,
        null,
        14,
        null,
        null,
        1,
        4,
        null,
        3,
        3,
        3,
        24579,
        null,
        3,
        2,
        null,
        null,
        1,
        7,
        null,
        3,
        null,
        3,
        3,
        24579,
        13,
        null,
        null,
        3,
        3,
        null,
        null,
        1,
        null,
        3,
        3,
        3,
        8070,
        null,
        3,
        2,
        null,
        null,
        null,
        1,
        null,
        7,
        7,
        7,
        89586,
        null,
        7,
        6,
        null,
        null,
        1,
        null,
        2,
        null,
        null,
        null,
        null,
        null,
        null,
        null,
        null,
        null,
        null
      ],
      "/Users/auroraanderson/ada/c7/projects/FarMar/lib/farmar_sale.rb": [
        1,
        1,
        null,
        1,
        null,
        1,
        1,
        null,
        1,
        204779,
        null,
        204775,
        204775,
        204775,
        204775,
        204775,
        null,
        null,
        1,
        3,
        3,
        3,
        8070,
        null,
        3,
        2,
        null,
        null,
        null,
        1,
        3,
        3,
        3,
        24579,
        null,
        3,
        2,
        null,
        null,
        null,
        1,
        null,
        3,
        2,
        2,
        null,
        2,
        2,
        2,
        25596,
        null,
        null,
        null,
        null,
        1,
        null,
        16,
        16,
        16,
        204768,
        204768,
        204768,
        204768,
        204768,
        204768,
        null,
        204768,
        null,
        16,
        16,
        204768,
        204768,
        null,
        null,
        16,
        null,
        null,
        1,
        4,
        null,
        3,
        3,
        3,
        38394,
        null,
        3,
        2,
        null,
        null,
        null,
        null,
        null,
        null,
        null,
        null,
        null,
        null,
        null,
        null,
        null
      ],
      "/Users/auroraanderson/ada/c7/projects/FarMar/lib/farmar_vendor.rb": [
        1,
        null,
        1,
        null,
        1,
        1,
        null,
        1,
        40359,
        null,
        40355,
        40355,
        40355,
        40355,
        null,
        null,
        1,
        1,
        null,
        0,
        null,
        null,
        null,
        1,
        null,
        16388,
        null,
        null,
        null,
        1,
        12799,
        null,
        null,
        null,
        1,
        null,
        null,
        null,
        1,
        null,
        15,
        15,
        15,
        40350,
        40350,
        40350,
        40350,
        40350,
        null,
        40350,
        null,
        15,
        15,
        40350,
        40350,
        null,
        null,
        15,
        null,
        null,
        1,
        4,
        null,
        3,
        3,
        3,
        8070,
        null,
        3,
        2,
        null,
        null,
        1,
        null,
        null,
        null,
        null,
        null,
        null,
        null,
        null,
        null,
        null,
        null,
        null,
        null,
        null,
        null
      ],
      "/Users/auroraanderson/ada/c7/projects/FarMar/specs/farmar_product_spec.rb": [
        1,
        1,
        null,
        1,
        1,
        1,
        1,
        null,
        null,
        1,
        1,
        1,
        1,
        8,
        null,
        null,
        null,
        null,
        1,
        null,
        1,
        1,
        null,
        null,
        1,
        1,
        1,
        8193,
        null,
        null,
        null,
        1,
        1,
        1,
        8193,
        8193,
        8193,
        null,
        null,
        null,
        null,
        null,
        1,
        1,
        2,
        null,
        null,
        1,
        2,
        null,
        null,
        1,
        1,
        1,
        null,
        null,
        1,
        1,
        1,
        null,
        null,
        null,
        null,
        1,
        null,
        1,
        1,
        1,
        8,
        null,
        null,
        null,
        1,
        1,
        null,
        null,
        1,
        1,
        1,
        3,
        null,
        null,
        null,
        1,
        1,
        1,
        1,
        5,
        null,
        null,
        null,
        null,
        1,
        null,
        1,
        1,
        null,
        null,
        1,
        1,
        1,
        1,
        null,
        null,
        1,
        2,
        null,
        null,
        null,
        null,
        1,
        null,
        1,
        1,
        null,
        null,
        1,
        1,
        1,
        1,
        7,
        null,
        null,
        null,
        1,
        1,
        1,
        1,
        7,
        null,
        null,
        null,
        1,
        2,
        null,
        null,
        null,
        null,
        1,
        null,
        1,
        1,
        null,
        null,
        1,
        1,
        1,
        1,
        1,
        null,
        null,
        null,
        null,
        null
      ],
      "/Users/auroraanderson/ada/c7/projects/FarMar/specs/farmar_sale_spec.rb": [
        1,
        1,
        null,
        1,
        1,
        1,
        1,
        null,
        null,
        null,
        1,
        1,
        1,
        1,
        8,
        null,
        null,
        null,
        null,
        1,
        null,
        1,
        1,
        null,
        null,
        1,
        1,
        1,
        12798,
        null,
        null,
        null,
        1,
        1,
        1,
        12798,
        12798,
        12798,
        12798,
        12798,
        null,
        null,
        null,
        null,
        null,
        1,
        1,
        2,
        null,
        null,
        1,
        2,
        null,
        null,
        1,
        1,
        1,
        null,
        null,
        1,
        1,
        1,
        null,
        null,
        null,
        null,
        1,
        1,
        2,
        null,
        1,
        1,
        null,
        1,
        1,
        1,
        1,
        null,
        null,
        null,
        1,
        1,
        2,
        null,
        1,
        1,
        null,
        1,
        1,
        1,
        1,
        null,
        null,
        null,
        1,
        1,
        2,
        null,
        1,
        1,
        null,
        null,
        1,
        1,
        1,
        12798,
        null,
        null,
        null,
        null,
        null
      ],
      "/Users/auroraanderson/ada/c7/projects/FarMar/specs/farmar_vendor_spec.rb": [
        1,
        1,
        null,
        1,
        1,
        1,
        1,
        null,
        null,
        1,
        1,
        1,
        1,
        8,
        null,
        null,
        null,
        null,
        1,
        null,
        1,
        1,
        null,
        null,
        1,
        1,
        1,
        2690,
        null,
        null,
        null,
        1,
        1,
        1,
        2690,
        2690,
        2690,
        2690,
        null,
        null,
        null,
        null,
        null,
        1,
        1,
        2,
        null,
        null,
        1,
        2,
        null,
        null,
        1,
        1,
        1,
        null,
        null,
        1,
        1,
        1,
        null,
        null,
        null,
        null,
        1,
        1,
        1,
        2,
        null,
        null,
        null,
        1,
        1,
        1,
        1,
        null,
        null,
        1,
        1,
        1,
        1,
        2,
        null,
        null,
        null,
        null,
        null,
        null,
        1,
        1,
        1,
        1,
        null,
        null,
        1,
        1,
        0,
        0,
        0,
        0,
        null,
        null,
        null,
        null,
        null,
        1,
        1,
        null,
        null,
        null,
        null,
        1,
        1,
        null,
        null,
        null,
        null,
        null
      ],
      "/Users/auroraanderson/ada/c7/projects/FarMar/specs/ignore_me.rb": [
        null
      ]
    },
    "timestamp": 1488513979
  }
}
